<?xml version="1.0" encoding="UTF-8"?>
<!-- Generated by org.testng.reporters.JUnitReportReporter -->
<testsuite hostname="DESKTOP-51S8IMU" failures="0" tests="1" name="runner.TestRunner" time="31.544" errors="0" timestamp="2024-08-31T19:33:48 IST" skipped="0">
  <testcase classname="runner.TestRunner" name="runScenario" time="31.544"/>
</testsuite> <!-- runner.TestRunner -->
